[NX v22.5.0 Daemon Client] - 2026-02-13T18:19:55.542Z - [Client] Starting new daemon server in background
[NX v22.5.0 Daemon Client] - 2026-02-13T18:19:55.545Z - [Client] Waiting for server (max: 6000 attempts, 10ms interval)
[NX v22.5.0 Daemon Server] - 2026-02-13T18:19:55.702Z - New daemon starting from: /Users/mizokhuangmbp2023/Desktop/Workspace/clessia/node_modules/nx/src/daemon/server/server.js
[NX v22.5.0 Daemon Server] - 2026-02-13T18:19:55.703Z - New daemon __dirname: /Users/mizokhuangmbp2023/Desktop/Workspace/clessia/node_modules/nx/src/daemon/server
[NX v22.5.0 Daemon Server] - 2026-02-13T18:19:55.703Z - New daemon nxVersion: 22.5.0
[NX v22.5.0 Daemon Server] - 2026-02-13T18:19:55.703Z - New daemon getInstalledNxVersion(): 22.5.0
[NX v22.5.0 Daemon Server] - 2026-02-13T18:19:55.704Z - [Server] Starting outdated check interval (20ms)
[NX v22.5.0 Daemon Server] - 2026-02-13T18:19:55.704Z - Started listening on: /private/var/folders/yb/20mkz16x7_z08ty5t19bzmc80000gn/T/e2f705f2cd4d8b19ab01/d.sock
[NX v22.5.0 Daemon Server] - 2026-02-13T18:19:55.706Z - [WATCHER]: Subscribed to changes within: /Users/mizokhuangmbp2023/Desktop/Workspace/clessia (native)
[NX v22.5.0 Daemon Server] - 2026-02-13T18:19:55.707Z - [NX-CONSOLE]: Pulling latest Nx (latest) to check console status...
Fetching nx...
[NX v22.5.0 Daemon Server] - 2026-02-13T18:19:55.712Z - Established a connection. Number of open connections: 1
[NX v22.5.0 Daemon Client] - 2026-02-13T18:19:55.712Z - [Client] Server available after 14 attempts
[NX v22.5.0 Daemon Server] - 2026-02-13T18:19:55.713Z - Closed a connection. Number of open connections: 0
[NX v22.5.0 Daemon Client] - 2026-02-13T18:19:55.713Z - [Client] Daemon server started, pid=28256
[NX v22.5.0 Daemon Server] - 2026-02-13T18:19:55.713Z - Established a connection. Number of open connections: 1
[NX v22.5.0 Daemon Client] - 2026-02-13T18:19:55.713Z - [Messenger] Setting up socket listeners
[NX v22.5.0 Daemon Client] - 2026-02-13T18:19:55.714Z - [Messenger] listen() complete
[NX v22.5.0 Daemon Client] - 2026-02-13T18:19:55.714Z - [Messenger] Sending message type: REQUEST_PROJECT_GRAPH
[NX v22.5.0 Daemon Client] - 2026-02-13T18:19:55.715Z - [Messenger] Message sent
[NX v22.5.0 Daemon Server] - 2026-02-13T18:19:55.730Z - Received raw message of length 32
[NX v22.5.0 Daemon Server] - 2026-02-13T18:19:55.730Z - Received json message of type REQUEST_PROJECT_GRAPH
[NX v22.5.0 Daemon Server] - 2026-02-13T18:19:55.730Z - [REQUEST]: Client Request for Project Graph Received
[NX v22.5.0 Daemon Server] - 2026-02-13T18:19:55.736Z - Time taken for 'loadSpecifiedNxPlugins' 2.412083999999993ms
Time for 'plugin worker 28258 code loading' 5.611209000000002
Time for 'plugin worker 28259 code loading' 6.3909590000000005
[NX v22.5.0 Daemon Server] - 2026-02-13T18:19:55.770Z - Time taken for 'start-plugin-worker:/Users/mizokhuangmbp2023/Desktop/Workspace/clessia/node_modules/nx/src/plugins/js' 36.32475000000002ms
Time for 'plugin worker 28260 code loading' 5.007542000000001
Time for 'plugin worker 28261 code loading' 4.817708999999999
[NX v22.5.0 Daemon Server] - 2026-02-13T18:19:55.781Z - Time taken for 'start-plugin-worker:/Users/mizokhuangmbp2023/Desktop/Workspace/clessia/node_modules/nx/src/plugins/package-json' 46.44499999999999ms
[NX v22.5.0 Daemon Server] - 2026-02-13T18:19:55.895Z - Time taken for 'Load Nx Plugin: /Users/mizokhuangmbp2023/Desktop/Workspace/clessia/node_modules/nx/src/adapter/angular-json' 161.87241600000002ms
[NX v22.5.0 Daemon Server] - 2026-02-13T18:19:55.905Z - Time taken for 'Load Nx Plugin: /Users/mizokhuangmbp2023/Desktop/Workspace/clessia/node_modules/nx/src/plugins/project-json/build-nodes/project-json' 171.90745900000002ms
[NX v22.5.0 Daemon Server] - 2026-02-13T18:19:55.906Z - Time taken for 'Load Nx Plugin: /Users/mizokhuangmbp2023/Desktop/Workspace/clessia/node_modules/nx/src/plugins/js' 173.876542ms
[NX v22.5.0 Daemon Server] - 2026-02-13T18:19:55.909Z - [REQUEST]: Updated workspace context based on watched changes, recomputing project graph...
[NX v22.5.0 Daemon Server] - 2026-02-13T18:19:55.909Z - [REQUEST]: 
[NX v22.5.0 Daemon Server] - 2026-02-13T18:19:55.909Z - [REQUEST]: 
[NX v22.5.0 Daemon Server] - 2026-02-13T18:19:55.910Z - No files changed, but no in-memory cached project graph found. Recomputing it...
[NX v22.5.0 Daemon Server] - 2026-02-13T18:19:55.912Z - Time taken for 'loadDefaultNxPlugins' 177.45775000000003ms
Time for 'nx/js/dependencies-and-lockfile:createNodes' 8.686917000000022
[NX v22.5.0 Daemon Server] - 2026-02-13T18:19:55.939Z - Time taken for 'build-project-configs' 19.211125000000038ms
Time for 'build typescript dependencies' 135.74862499999998
[NX v22.5.0 Daemon Server] - 2026-02-13T18:19:56.110Z - [REQUEST]: Responding to the client with an error. Error when preparing serialized project graph. Failed to process project graph.
     - TypeError: Cannot create property 'name' on string 'apps/web'
      at toNewFormat (/Users/mizokhuangmbp2023/Desktop/Workspace/clessia/node_modules/nx/src/adapter/angular-json.js:69:32)
      at readAngularJson (/Users/mizokhuangmbp2023/Desktop/Workspace/clessia/node_modules/nx/src/adapter/angular-json.js:54:12)
      at Array.createNodes (/Users/mizokhuangmbp2023/Desktop/Workspace/clessia/node_modules/nx/src/adapter/angular-json.js:19:27)
      at LoadedNxPlugin.createNodes (/Users/mizokhuangmbp2023/Desktop/Workspace/clessia/node_modules/nx/src/project-graph/plugins/loaded-nx-plugin.js:26:62)
      at LoadedNxPlugin.createNodes.<computed> (/Users/mizokhuangmbp2023/Desktop/Workspace/clessia/node_modules/nx/src/project-graph/plugins/loaded-nx-plugin.js:40:34)
      at createNodes (/Users/mizokhuangmbp2023/Desktop/Workspace/clessia/node_modules/nx/src/project-graph/plugins/isolation/plugin-worker.js:74:63)
      at consumeMessage (/Users/mizokhuangmbp2023/Desktop/Workspace/clessia/node_modules/nx/src/project-graph/plugins/isolation/messaging.js:57:33)
      at /Users/mizokhuangmbp2023/Desktop/Workspace/clessia/node_modules/nx/src/project-graph/plugins/isolation/plugin-worker.js:39:47
      at Socket.<anonymous> (/Users/mizokhuangmbp2023/Desktop/Workspace/clessia/node_modules/nx/src/utils/consume-messages-from-socket.js:25:21)
      at Socket.emit (node:events:519:28)
[NX v22.5.0 Daemon Server] - 2026-02-13T18:19:56.111Z - Time taken for 'total execution time for createProjectGraph()' 173.49374999999998ms
[NX v22.5.0 Daemon Server] - 2026-02-13T18:19:56.113Z - Done responding to the client null
[NX v22.5.0 Daemon Server] - 2026-02-13T18:19:56.113Z - Handled json message REQUEST_PROJECT_GRAPH. Handling time: 379. Response time: 4.
[NX v22.5.0 Daemon Client] - 2026-02-13T18:19:56.113Z - [Messenger] Received message, length: 590537
[NX v22.5.0 Daemon Server] - 2026-02-13T18:19:56.116Z - Closed a connection. Number of open connections: 0
[NX v22.5.0 Daemon Server] - 2026-02-13T18:20:01.836Z - [NX-CONSOLE]: Successfully pulled latest Nx to /private/var/folders/yb/20mkz16x7_z08ty5t19bzmc80000gn/T/tmp-28256-jMM168LMyedP
[NX v22.5.0 Daemon Server] - 2026-02-13T18:20:01.944Z - [NX-CONSOLE]: Using local implementation (NX_USE_LOCAL=true or inner call)
DEBUG nx::native::ide::preferences: Loaded console preferences: NxConsolePreferences { auto_install_console: Some(false), path: "/Users/mizokhuangmbp2023/.config/nx/ide.json" }
DEBUG nx::native::ide::install: Detected editor: Unknown
[NX v22.5.0 Daemon Server] - 2026-02-13T18:20:01.945Z - [NX-CONSOLE]: Console status check completed, shouldPrompt: false
[NX v22.5.0 Daemon Server] - 2026-02-13T18:20:08.772Z - [WATCHER]: Processing file changes in outputs
[NX v22.5.0 Daemon Server] - 2026-02-13T18:20:08.772Z - [WATCHER]: 1 file(s) created or restored, 0 file(s) modified, 1 file(s) deleted
[NX v22.5.0 Daemon Server] - 2026-02-13T18:20:08.772Z - [SYNC]: clearing sync generators cache due to file changes
[NX v22.5.0 Daemon Server] - 2026-02-13T18:20:08.875Z - [REQUEST]: Updated workspace context based on watched changes, recomputing project graph...
[NX v22.5.0 Daemon Server] - 2026-02-13T18:20:08.875Z - [REQUEST]: angular.json
[NX v22.5.0 Daemon Server] - 2026-02-13T18:20:08.875Z - [REQUEST]: angular.json.tmp.13348.1771006808712
[NX v22.5.0 Daemon Server] - 2026-02-13T18:20:08.878Z - Time taken for 'hash changed files from watcher' 0.8973329999989801ms
[NX v22.5.0 Daemon Server] - 2026-02-13T18:20:08.909Z - Time taken for 'start-plugin-worker:nx/js/dependencies-and-lockfile' 32.21187500000087ms
Time for 'plugin worker 28286 code loading' 5.3586670000000005
Time for 'plugin worker 28284 code loading' 5.351458000000001
Time for 'plugin worker 28285 code loading' 5.363040999999999
Time for 'plugin worker 28287 code loading' 5.728542000000001
[NX v22.5.0 Daemon Server] - 2026-02-13T18:20:08.921Z - Time taken for 'start-plugin-worker:nx/core/project-json' 42.72037499999897ms
Time for 'nx/js/dependencies-and-lockfile:createNodes' 4.717416999999983
[NX v22.5.0 Daemon Server] - 2026-02-13T18:20:09.067Z - Time taken for 'build-project-configs' 187.5570830000015ms
Time for 'build typescript dependencies' 0.08179200000000719
[NX v22.5.0 Daemon Server] - 2026-02-13T18:20:09.076Z - [SYNC]: collect registered sync generators
[NX v22.5.0 Daemon Server] - 2026-02-13T18:20:09.077Z - Time taken for 'total execution time for createProjectGraph()' 11.407207999998718ms
[NX v22.5.0 Daemon Server] - 2026-02-13T18:20:13.821Z - Established a connection. Number of open connections: 1
[NX v22.5.0 Daemon Server] - 2026-02-13T18:20:13.821Z - Closed a connection. Number of open connections: 0
[NX v22.5.0 Daemon Server] - 2026-02-13T18:20:13.822Z - Established a connection. Number of open connections: 1
[NX v22.5.0 Daemon Server] - 2026-02-13T18:20:13.822Z - Closed a connection. Number of open connections: 0
[NX v22.5.0 Daemon Server] - 2026-02-13T18:20:13.823Z - Established a connection. Number of open connections: 1
[NX v22.5.0 Daemon Client] - 2026-02-13T18:20:13.822Z - [Messenger] Setting up socket listeners
[NX v22.5.0 Daemon Client] - 2026-02-13T18:20:13.823Z - [Messenger] listen() complete
[NX v22.5.0 Daemon Client] - 2026-02-13T18:20:13.824Z - [Messenger] Sending message type: GET_NX_CONSOLE_STATUS
[NX v22.5.0 Daemon Client] - 2026-02-13T18:20:13.824Z - [Messenger] Message sent
[NX v22.5.0 Daemon Server] - 2026-02-13T18:20:13.833Z - Received raw message of length 32
[NX v22.5.0 Daemon Server] - 2026-02-13T18:20:13.833Z - Received json message of type GET_NX_CONSOLE_STATUS
[NX v22.5.0 Daemon Server] - 2026-02-13T18:20:13.833Z - Serializing response for GET_NX_CONSOLE_STATUS message in json mode
[NX v22.5.0 Daemon Server] - 2026-02-13T18:20:13.833Z - Responding to GET_NX_CONSOLE_STATUS message
[NX v22.5.0 Daemon Server] - 2026-02-13T18:20:13.833Z - [REQUEST]: Responding to the client. handleGetNxConsoleStatus
[NX v22.5.0 Daemon Server] - 2026-02-13T18:20:13.833Z - Done responding to the client handleGetNxConsoleStatus
[NX v22.5.0 Daemon Server] - 2026-02-13T18:20:13.833Z - Handled json message GET_NX_CONSOLE_STATUS. Handling time: 0. Response time: 0.
[NX v22.5.0 Daemon Client] - 2026-02-13T18:20:13.833Z - [Messenger] Received message, length: 22
[NX v22.5.0 Daemon Client] - 2026-02-13T18:20:13.862Z - [Messenger] Sending message type: REQUEST_PROJECT_GRAPH
[NX v22.5.0 Daemon Server] - 2026-02-13T18:20:13.862Z - Received raw message of length 32
[NX v22.5.0 Daemon Client] - 2026-02-13T18:20:13.862Z - [Messenger] Message sent
[NX v22.5.0 Daemon Server] - 2026-02-13T18:20:13.862Z - Received json message of type REQUEST_PROJECT_GRAPH
[NX v22.5.0 Daemon Server] - 2026-02-13T18:20:13.862Z - [REQUEST]: Client Request for Project Graph Received
[NX v22.5.0 Daemon Server] - 2026-02-13T18:20:13.863Z - [REQUEST]: Updated workspace context based on watched changes, recomputing project graph...
[NX v22.5.0 Daemon Server] - 2026-02-13T18:20:13.863Z - [REQUEST]: 
[NX v22.5.0 Daemon Server] - 2026-02-13T18:20:13.863Z - [REQUEST]: 
[NX v22.5.0 Daemon Server] - 2026-02-13T18:20:13.870Z - No files changed, but no in-memory cached project graph found. Recomputing it...
[NX v22.5.0 Daemon Server] - 2026-02-13T18:20:13.873Z - Time taken for 'hash changed files from watcher' 0.07241699999940465ms
Time for 'plugin worker 28310 code loading' 4.342916000000001
Time for 'plugin worker 28309 code loading' 4.269792000000001
Time for 'plugin worker 28311 code loading' 4.295083999999999
Time for 'plugin worker 28312 code loading' 4.521792000000001
[NX v22.5.0 Daemon Server] - 2026-02-13T18:20:13.905Z - Time taken for 'start-plugin-worker:nx/js/dependencies-and-lockfile' 34.33279099999709ms
Time for 'nx/js/dependencies-and-lockfile:createNodes' 3.6329589999999996
[NX v22.5.0 Daemon Server] - 2026-02-13T18:20:14.027Z - Time taken for 'build-project-configs' 153.66595799999777ms
Time for 'build typescript dependencies' 126.70795799999999
[NX v22.5.0 Daemon Server] - 2026-02-13T18:20:14.165Z - Wrote project graph cache to /Users/mizokhuangmbp2023/Desktop/Workspace/clessia/.nx/workspace-data/project-graph.json
[NX v22.5.0 Daemon Server] - 2026-02-13T18:20:14.166Z - Serializing response for REQUEST_PROJECT_GRAPH message in json mode
[NX v22.5.0 Daemon Server] - 2026-02-13T18:20:14.166Z - Responding to REQUEST_PROJECT_GRAPH message
[NX v22.5.0 Daemon Server] - 2026-02-13T18:20:14.166Z - [REQUEST]: Responding to the client. project-graph
[NX v22.5.0 Daemon Server] - 2026-02-13T18:20:14.166Z - Time taken for 'total for creating and serializing project graph' 303.0666249999995ms
[NX v22.5.0 Daemon Server] - 2026-02-13T18:20:14.168Z - Done responding to the client project-graph
[NX v22.5.0 Daemon Server] - 2026-02-13T18:20:14.168Z - Handled json message REQUEST_PROJECT_GRAPH. Handling time: 304. Response time: 2.
[NX v22.5.0 Daemon Client] - 2026-02-13T18:20:14.168Z - [Messenger] Received message, length: 586351
[NX v22.5.0 Daemon Client] - 2026-02-13T18:20:14.170Z - [Messenger] Sending message type: PRE_TASKS_EXECUTION
[NX v22.5.0 Daemon Server] - 2026-02-13T18:20:14.171Z - Received raw message of length 719
[NX v22.5.0 Daemon Client] - 2026-02-13T18:20:14.170Z - [Messenger] Message sent
[NX v22.5.0 Daemon Server] - 2026-02-13T18:20:14.171Z - Received json message of type PRE_TASKS_EXECUTION
[NX v22.5.0 Daemon Server] - 2026-02-13T18:20:14.171Z - Serializing response for PRE_TASKS_EXECUTION message in json mode
[NX v22.5.0 Daemon Server] - 2026-02-13T18:20:14.171Z - Responding to PRE_TASKS_EXECUTION message
[NX v22.5.0 Daemon Server] - 2026-02-13T18:20:14.171Z - [REQUEST]: Responding to the client. handleRunPreTasksExecution
[NX v22.5.0 Daemon Server] - 2026-02-13T18:20:14.171Z - Done responding to the client handleRunPreTasksExecution
[NX v22.5.0 Daemon Server] - 2026-02-13T18:20:14.171Z - Handled json message PRE_TASKS_EXECUTION. Handling time: 0. Response time: 0.
[NX v22.5.0 Daemon Server] - 2026-02-13T18:20:14.171Z - Time taken for 'preTasksExecution' 0.5164579999982379ms
[NX v22.5.0 Daemon Client] - 2026-02-13T18:20:14.171Z - [Messenger] Received message, length: 2
[NX v22.5.0 Daemon Client] - 2026-02-13T18:20:14.220Z - [Messenger] Sending message type: HASH_TASKS
[NX v22.5.0 Daemon Server] - 2026-02-13T18:20:14.220Z - Received raw message of length 5308
[NX v22.5.0 Daemon Client] - 2026-02-13T18:20:14.220Z - [Messenger] Message sent
[NX v22.5.0 Daemon Server] - 2026-02-13T18:20:14.221Z - Received json message of type HASH_TASKS
[NX v22.5.0 Daemon Server] - 2026-02-13T18:20:14.221Z - Reusing in-memory cached project graph because no files changed.
[NX v22.5.0 Daemon Server] - 2026-02-13T18:20:14.224Z - Wrote project graph cache to /Users/mizokhuangmbp2023/Desktop/Workspace/clessia/.nx/workspace-data/project-graph.json
DEBUG nx::native::tasks::hash_planner: get_plans_internal COMPLETED in 1.749834ms - processed 1 tasks (setup: 1.281459ms, parallel_planning: 465µs)
DEBUG nx::native::tasks::hashers::hash_workspace_files: Hashing workspace fileset with inputs: Adding "12264811442034003576" (".gitignore") to hash
DEBUG nx::native::tasks::hashers::hash_workspace_files: Hashing workspace fileset with inputs: Adding "9348761242612468011" ("nx.json") to hash
DEBUG nx::native::tasks::hashers::hash_workspace_files: Hashing workspace fileset with inputs: Hash Value: "13685142092107756668"
DEBUG nx::native::tasks::task_hasher: hash_plans COMPLETED in 1.165875ms - processed 1 plans (setup: 203.167µs, hashing: 961.875µs, assembly: 182.25µs)
[NX v22.5.0 Daemon Server] - 2026-02-13T18:20:14.230Z - Serializing response for HASH_TASKS message in json mode
[NX v22.5.0 Daemon Server] - 2026-02-13T18:20:14.230Z - Responding to HASH_TASKS message
[NX v22.5.0 Daemon Server] - 2026-02-13T18:20:14.230Z - [REQUEST]: Responding to the client. handleHashTasks
[NX v22.5.0 Daemon Server] - 2026-02-13T18:20:14.230Z - Time taken for 'write cache' 2.8252079999983835ms
[NX v22.5.0 Daemon Server] - 2026-02-13T18:20:14.231Z - Done responding to the client handleHashTasks
[NX v22.5.0 Daemon Server] - 2026-02-13T18:20:14.231Z - Handled json message HASH_TASKS. Handling time: 9. Response time: 1.
[NX v22.5.0 Daemon Client] - 2026-02-13T18:20:14.231Z - [Messenger] Received message, length: 32500
[NX v22.5.0 Daemon Client] - 2026-02-13T18:20:14.373Z - [Messenger] Sending message type: GET_ESTIMATED_TASK_TIMINGS
[NX v22.5.0 Daemon Server] - 2026-02-13T18:20:14.374Z - Received raw message of length 114
[NX v22.5.0 Daemon Client] - 2026-02-13T18:20:14.374Z - [Messenger] Message sent
[NX v22.5.0 Daemon Server] - 2026-02-13T18:20:14.374Z - Received json message of type GET_ESTIMATED_TASK_TIMINGS
[NX v22.5.0 Daemon Server] - 2026-02-13T18:20:14.402Z - Serializing response for GET_ESTIMATED_TASK_TIMINGS message in json mode
[NX v22.5.0 Daemon Server] - 2026-02-13T18:20:14.402Z - Responding to GET_ESTIMATED_TASK_TIMINGS message
[NX v22.5.0 Daemon Server] - 2026-02-13T18:20:14.402Z - [REQUEST]: Responding to the client. handleGetEstimatedTaskTimings
[NX v22.5.0 Daemon Server] - 2026-02-13T18:20:14.402Z - Done responding to the client handleGetEstimatedTaskTimings
[NX v22.5.0 Daemon Server] - 2026-02-13T18:20:14.402Z - Handled json message GET_ESTIMATED_TASK_TIMINGS. Handling time: 28. Response time: 0.
[NX v22.5.0 Daemon Client] - 2026-02-13T18:20:14.402Z - [Messenger] Received message, length: 2
[NX v22.5.0 Daemon Server] - 2026-02-13T18:20:15.025Z - Established a connection. Number of open connections: 2
[NX v22.5.0 Daemon Server] - 2026-02-13T18:20:15.027Z - Closed a connection. Number of open connections: 1
[NX v22.5.0 Daemon Server] - 2026-02-13T18:20:15.027Z - Established a connection. Number of open connections: 2
[NX v22.5.0 Daemon Client] - 2026-02-13T18:20:15.027Z - [Messenger] Setting up socket listeners
[NX v22.5.0 Daemon Client] - 2026-02-13T18:20:15.028Z - [Messenger] listen() complete
[NX v22.5.0 Daemon Client] - 2026-02-13T18:20:15.029Z - [Messenger] Sending message type: REQUEST_PROJECT_GRAPH
[NX v22.5.0 Daemon Client] - 2026-02-13T18:20:15.029Z - [Messenger] Message sent
[NX v22.5.0 Daemon Server] - 2026-02-13T18:20:15.039Z - Received raw message of length 32
[NX v22.5.0 Daemon Server] - 2026-02-13T18:20:15.039Z - Received json message of type REQUEST_PROJECT_GRAPH
[NX v22.5.0 Daemon Server] - 2026-02-13T18:20:15.039Z - [REQUEST]: Client Request for Project Graph Received
[NX v22.5.0 Daemon Server] - 2026-02-13T18:20:15.039Z - Reusing in-memory cached project graph because no files changed.
[NX v22.5.0 Daemon Server] - 2026-02-13T18:20:15.042Z - Wrote project graph cache to /Users/mizokhuangmbp2023/Desktop/Workspace/clessia/.nx/workspace-data/project-graph.json
[NX v22.5.0 Daemon Server] - 2026-02-13T18:20:15.042Z - Serializing response for REQUEST_PROJECT_GRAPH message in json mode
[NX v22.5.0 Daemon Server] - 2026-02-13T18:20:15.042Z - Responding to REQUEST_PROJECT_GRAPH message
[NX v22.5.0 Daemon Server] - 2026-02-13T18:20:15.042Z - [REQUEST]: Responding to the client. project-graph
[NX v22.5.0 Daemon Server] - 2026-02-13T18:20:15.042Z - Time taken for 'total for creating and serializing project graph' 3.306208999998489ms
[NX v22.5.0 Daemon Server] - 2026-02-13T18:20:15.043Z - Done responding to the client project-graph
[NX v22.5.0 Daemon Server] - 2026-02-13T18:20:15.043Z - Handled json message REQUEST_PROJECT_GRAPH. Handling time: 3. Response time: 1.
[NX v22.5.0 Daemon Client] - 2026-02-13T18:20:15.044Z - [Messenger] Received message, length: 586351
[NX v22.5.0 Daemon Server] - 2026-02-13T18:20:16.762Z - [WATCHER]: Processing file changes in outputs
[NX v22.5.0 Daemon Server] - 2026-02-13T18:20:17.560Z - [WATCHER]: Processing file changes in outputs
[NX v22.5.0 Daemon Server] - 2026-02-13T18:20:17.586Z - Closed a connection. Number of open connections: 1
[NX v22.5.0 Daemon Client] - 2026-02-13T18:20:17.587Z - [Messenger] Sending message type: RECORD_OUTPUTS_HASH
[NX v22.5.0 Daemon Client] - 2026-02-13T18:20:17.594Z - [Messenger] Message sent
[NX v22.5.0 Daemon Server] - 2026-02-13T18:20:17.595Z - Received raw message of length 96
[NX v22.5.0 Daemon Server] - 2026-02-13T18:20:17.595Z - Received json message of type RECORD_OUTPUTS_HASH
[NX v22.5.0 Daemon Server] - 2026-02-13T18:20:17.598Z - Serializing response for RECORD_OUTPUTS_HASH message in json mode
[NX v22.5.0 Daemon Server] - 2026-02-13T18:20:17.598Z - Responding to RECORD_OUTPUTS_HASH message
[NX v22.5.0 Daemon Server] - 2026-02-13T18:20:17.598Z - [REQUEST]: Responding to the client. recordOutputsHash
[NX v22.5.0 Daemon Server] - 2026-02-13T18:20:17.598Z - Done responding to the client recordOutputsHash
[NX v22.5.0 Daemon Server] - 2026-02-13T18:20:17.598Z - Handled json message RECORD_OUTPUTS_HASH. Handling time: 3. Response time: 0.
[NX v22.5.0 Daemon Client] - 2026-02-13T18:20:17.598Z - [Messenger] Received message, length: 2
[NX v22.5.0 Daemon Client] - 2026-02-13T18:20:17.645Z - [Messenger] Sending message type: RECORD_TASK_RUNS
[NX v22.5.0 Daemon Server] - 2026-02-13T18:20:17.645Z - Received raw message of length 232
[NX v22.5.0 Daemon Client] - 2026-02-13T18:20:17.645Z - [Messenger] Message sent
[NX v22.5.0 Daemon Server] - 2026-02-13T18:20:17.645Z - Received json message of type RECORD_TASK_RUNS
[NX v22.5.0 Daemon Server] - 2026-02-13T18:20:17.646Z - Serializing response for RECORD_TASK_RUNS message in json mode
[NX v22.5.0 Daemon Server] - 2026-02-13T18:20:17.646Z - Responding to RECORD_TASK_RUNS message
[NX v22.5.0 Daemon Server] - 2026-02-13T18:20:17.646Z - [REQUEST]: Responding to the client. handleRecordTaskRuns
[NX v22.5.0 Daemon Server] - 2026-02-13T18:20:17.646Z - Done responding to the client handleRecordTaskRuns
[NX v22.5.0 Daemon Server] - 2026-02-13T18:20:17.646Z - Handled json message RECORD_TASK_RUNS. Handling time: 1. Response time: 0.
[NX v22.5.0 Daemon Client] - 2026-02-13T18:20:17.646Z - [Messenger] Received message, length: 4
[NX v22.5.0 Daemon Client] - 2026-02-13T18:20:17.646Z - [Messenger] Sending message type: GET_FLAKY_TASKS
[NX v22.5.0 Daemon Server] - 2026-02-13T18:20:17.646Z - Received raw message of length 59
[NX v22.5.0 Daemon Client] - 2026-02-13T18:20:17.646Z - [Messenger] Message sent
[NX v22.5.0 Daemon Server] - 2026-02-13T18:20:17.646Z - Received json message of type GET_FLAKY_TASKS
[NX v22.5.0 Daemon Server] - 2026-02-13T18:20:17.646Z - Serializing response for GET_FLAKY_TASKS message in json mode
[NX v22.5.0 Daemon Server] - 2026-02-13T18:20:17.646Z - Responding to GET_FLAKY_TASKS message
[NX v22.5.0 Daemon Server] - 2026-02-13T18:20:17.647Z - [REQUEST]: Responding to the client. handleGetFlakyTasks
[NX v22.5.0 Daemon Server] - 2026-02-13T18:20:17.647Z - Done responding to the client handleGetFlakyTasks
[NX v22.5.0 Daemon Server] - 2026-02-13T18:20:17.647Z - Handled json message GET_FLAKY_TASKS. Handling time: 0. Response time: 1.
[NX v22.5.0 Daemon Client] - 2026-02-13T18:20:17.647Z - [Messenger] Received message, length: 2
[NX v22.5.0 Daemon Client] - 2026-02-13T18:20:17.648Z - [Messenger] Sending message type: POST_TASKS_EXECUTION
[NX v22.5.0 Daemon Client] - 2026-02-13T18:20:17.648Z - [Messenger] Message sent
[NX v22.5.0 Daemon Server] - 2026-02-13T18:20:17.648Z - Received raw message of length 17810
[NX v22.5.0 Daemon Server] - 2026-02-13T18:20:17.648Z - Received json message of type POST_TASKS_EXECUTION
[NX v22.5.0 Daemon Server] - 2026-02-13T18:20:17.648Z - Serializing response for POST_TASKS_EXECUTION message in json mode
[NX v22.5.0 Daemon Server] - 2026-02-13T18:20:17.648Z - Responding to POST_TASKS_EXECUTION message
[NX v22.5.0 Daemon Server] - 2026-02-13T18:20:17.649Z - [REQUEST]: Responding to the client. handleRunPostTasksExecution
[NX v22.5.0 Daemon Server] - 2026-02-13T18:20:17.649Z - Done responding to the client handleRunPostTasksExecution
[NX v22.5.0 Daemon Server] - 2026-02-13T18:20:17.649Z - Handled json message POST_TASKS_EXECUTION. Handling time: 0. Response time: 1.
[NX v22.5.0 Daemon Server] - 2026-02-13T18:20:17.649Z - Time taken for 'postTasksExecution' 0.1892919999991136ms
[NX v22.5.0 Daemon Client] - 2026-02-13T18:20:17.649Z - [Messenger] Received message, length: 4
[NX v22.5.0 Daemon Server] - 2026-02-13T18:20:17.652Z - Closed a connection. Number of open connections: 0
[NX v22.5.0 Daemon Server] - 2026-02-13T18:21:01.783Z - [WATCHER]: Processing file changes in outputs
